<?xml version="1.0" encoding="UTF-8"?>
<testsuite name="Sample2Test" tests="1" skipped="0" failures="0" errors="0" timestamp="2020-02-05T00:08:53" hostname="DESKTOP-O93RP5R" time="0.002">
  <properties/>
  <testcase name="C_insert_return_C_Diamond" classname="Sample2Test" time="0.002"/>
  <system-out><![CDATA[]]></system-out>
  <system-err><![CDATA[]]></system-err>
</testsuite>
